C:\USERS\JACK\DEV\WX\WXWIDGETS-2.9.4\SAMPLES\MINIMAL\VC_MSWUD\MINIMAL.PDB
C:\USERS\JACK\DEV\WX\WXWIDGETS-2.9.4\SAMPLES\MINIMAL\VC_MSWUD\MINIMAL\CATALOGAPP.OBJ
C:\Users\jack\dev\wx\wxWidgets-2.9.4\samples\minimal\vc_mswud\minimal\cl.command.1.tlog
C:\Users\jack\dev\wx\wxWidgets-2.9.4\samples\minimal\vc_mswud\minimal\CL.read.1.tlog
C:\Users\jack\dev\wx\wxWidgets-2.9.4\samples\minimal\vc_mswud\minimal\CL.write.1.tlog
C:\Users\jack\dev\wx\wxWidgets-2.9.4\samples\minimal\vc_mswud\minimal\link.command.1.tlog
C:\Users\jack\dev\wx\wxWidgets-2.9.4\samples\minimal\vc_mswud\minimal\link.read.1.tlog
C:\Users\jack\dev\wx\wxWidgets-2.9.4\samples\minimal\vc_mswud\minimal\link.write.1.tlog
C:\Users\jack\dev\wx\wxWidgets-2.9.4\samples\minimal\vc_mswud\minimal\link-cvtres.read.1.tlog
C:\Users\jack\dev\wx\wxWidgets-2.9.4\samples\minimal\vc_mswud\minimal\link-cvtres.write.1.tlog
C:\Users\jack\dev\wx\wxWidgets-2.9.4\samples\minimal\vc_mswud\minimal\mt.command.1.tlog
C:\Users\jack\dev\wx\wxWidgets-2.9.4\samples\minimal\vc_mswud\minimal\mt.read.1.tlog
C:\Users\jack\dev\wx\wxWidgets-2.9.4\samples\minimal\vc_mswud\minimal\mt.write.1.tlog
C:\Users\jack\dev\wx\wxWidgets-2.9.4\samples\minimal\vc_mswud\minimal\rc.command.1.tlog
C:\Users\jack\dev\wx\wxWidgets-2.9.4\samples\minimal\vc_mswud\minimal\rc.read.1.tlog
C:\Users\jack\dev\wx\wxWidgets-2.9.4\samples\minimal\vc_mswud\minimal\rc.write.1.tlog
C:\USERS\JACK\DEV\WX\WXWIDGETS-2.9.4\SAMPLES\MINIMAL\VC_MSWUD\MINIMAL\SAMPLE.RES
C:\USERS\JACK\DEV\WX\WXWIDGETS-2.9.4\SAMPLES\MINIMAL\VC_MSWUD\MINIMAL\WXGISCAT.EXE.EMBED.MANIFEST
C:\USERS\JACK\DEV\WX\WXWIDGETS-2.9.4\SAMPLES\MINIMAL\VC_MSWUD\MINIMAL\WXGISCAT.EXE.EMBED.MANIFEST.RES
C:\USERS\JACK\DEV\WX\WXWIDGETS-2.9.4\SAMPLES\MINIMAL\VC_MSWUD\MINIMAL\WXGISCAT.EXE.INTERMEDIATE.MANIFEST
C:\Users\jack\dev\wx\wxWidgets-2.9.4\samples\minimal\vc_mswud\minimal\wxGISCat.write.1.tlog
C:\Users\jack\dev\wx\wxWidgets-2.9.4\samples\minimal\vc_mswud\minimal\wxGISCat_manifest.rc
C:\USERS\JACK\DEV\WX\WXWIDGETS-2.9.4\SAMPLES\MINIMAL\VC_MSWUD\WXGISCAT.EXE
C:\Users\jack\dev\wx\wxWidgets-2.9.4\samples\minimal\vc_mswud\wxGISCat.exp
C:\USERS\JACK\DEV\WX\WXWIDGETS-2.9.4\SAMPLES\MINIMAL\VC_MSWUD\WXGISCAT.ILK
C:\Users\jack\dev\wx\wxWidgets-2.9.4\samples\minimal\vc_mswud\wxGISCat.lib
vc_mswud\wxGISCat.ilk
