生成启动时间为 2013/5/21 22:49:26。
     1>项目“C:\Users\li\Documents\Visual Studio 2010\Projects\redowxGIS\minimal\minimal_vc9.vcxproj”在节点 2 上(build 个目标)。
     1>InitializeBuildStatus:
         正在创建“vc_mswud\minimal\wxGISCat.unsuccessfulbuild”，因为已指定“AlwaysCreate”。
       ClCompile:
         C:\Program Files (x86)\Microsoft Visual Studio 10.0\VC\bin\CL.exe /c /IC:\Users\jack\dev\gdal\gdal\alg /IC:\Users\jack\dev\gdal\gdal\gcore /IC:\Users\jack\dev\gdal\gdal\port /IC:\Users\jack\dev\gdal\gdal\ogr /IC:\Users\jack\dev\gdal\gdal\ogr\ogrsf_frmts /I"C:\Users\jack\dev\wx\wxWidgets-2.9.4\lib\vc_lib\mswud" /I"C:\Users\jack\dev\wx\wxWidgets-2.9.4\include" /I"C:\Users\jack\dev\wx\wxWidgets-2.9.4\include\msvc" /I.\..\..\samples /Zi /nologo /W4 /WX- /Od /Oy- /D WIN32 /D _DEBUG /D _CRT_SECURE_NO_DEPRECATE=1 /D _CRT_NON_CONFORMING_SWPRINTFS=1 /D _SCL_SECURE_NO_WARNINGS=1 /D __WXMSW__ /D _UNICODE /D _WINDOWS /D NOPCH /D _UNICODE /D UNICODE /Gm- /EHsc /RTC1 /MDd /GS /fp:precise /Zc:wchar_t /Zc:forScope /GR /Fo"vc_mswud\minimal\\" /Fd"vc_mswud\minimal.pdb" /Gd /TP /analyze- /errorReport:prompt accelerator.cpp addcommanddlg.cpp animation.cpp application.cpp catalogapp.cpp catalogframe.cpp commandbar.cpp createcbdlg.cpp customizedlg.cpp gxapplication.cpp gxcatalog.cpp gxcontentview.cpp gxdisconnection.cpp gxfolder.cpp gxselection.cpp gxshapefactory.cpp gxtabview.cpp gxtreeview.cpp gxview.cpp keycodedlg.cpp menubar.cpp statusbar.cpp toolbarmenu.cpp wxgis\framework\config.cpp /MP 
         accelerator.cpp
         addcommanddlg.cpp
         animation.cpp
         application.cpp
     1>c:\users\li\documents\visual studio 2010\projects\redowxgis\minimal\wxgis\framework\base.h(153): warning C4018: “<”: 有符号/无符号不匹配
     1>c:\users\li\documents\visual studio 2010\projects\redowxgis\minimal\wxgis\framework\base.h(153): warning C4018: “<”: 有符号/无符号不匹配
     1>c:\users\li\documents\visual studio 2010\projects\redowxgis\minimal\wxgis\framework\base.h(153): warning C4018: “<”: 有符号/无符号不匹配
     1>c:\users\li\documents\visual studio 2010\projects\redowxgis\minimal\wxgis\framework\base.h(153): warning C4018: “<”: 有符号/无符号不匹配
     1>c:\users\li\documents\visual studio 2010\projects\redowxgis\minimal\wxgis\framework\framework.h(108): warning C4018: “<=”: 有符号/无符号不匹配
     1>c:\users\li\documents\visual studio 2010\projects\redowxgis\minimal\wxgis\framework\framework.h(108): warning C4018: “<=”: 有符号/无符号不匹配
     1>c:\users\li\documents\visual studio 2010\projects\redowxgis\minimal\wxgis\framework\framework.h(108): warning C4018: “<=”: 有符号/无符号不匹配
     1>c:\users\li\documents\visual studio 2010\projects\redowxgis\minimal\wxgis\framework\framework.h(108): warning C4018: “<=”: 有符号/无符号不匹配
     1>animation.cpp(9): warning C4100: “style”: 未引用的形参
     1>animation.cpp(9): warning C4100: “size”: 未引用的形参
     1>animation.cpp(9): warning C4100: “pos”: 未引用的形参
     1>animation.cpp(9): warning C4100: “id”: 未引用的形参
     1>animation.cpp(9): warning C4100: “parent”: 未引用的形参
     1>animation.cpp(27): warning C4100: “event”: 未引用的形参
     1>animation.cpp(42): warning C4100: “event”: 未引用的形参
     1>animation.cpp(47): warning C4100: “event”: 未引用的形参
     1>accelerator.cpp(24): warning C4996: 'wxXmlNode::GetPropVal': 被声明为已否决
                 C:\Users\jack\dev\wx\wxWidgets-2.9.4\include\wx/xml/xml.h(183) : 参见“wxXmlNode::GetPropVal”的声明
     1>accelerator.cpp(25): warning C4996: 'wxXmlNode::GetPropVal': 被声明为已否决
                 C:\Users\jack\dev\wx\wxWidgets-2.9.4\include\wx/xml/xml.h(183) : 参见“wxXmlNode::GetPropVal”的声明
     1>accelerator.cpp(29): warning C4996: 'wxXmlNode::GetPropVal': 被声明为已否决
                 C:\Users\jack\dev\wx\wxWidgets-2.9.4\include\wx/xml/xml.h(183) : 参见“wxXmlNode::GetPropVal”的声明
     1>accelerator.cpp(31): warning C4996: 'wxXmlNode::GetPropVal': 被声明为已否决
                 C:\Users\jack\dev\wx\wxWidgets-2.9.4\include\wx/xml/xml.h(183) : 参见“wxXmlNode::GetPropVal”的声明
     1>accelerator.cpp(44): warning C4996: 'wxXmlNode::GetPropVal': 被声明为已否决
                 C:\Users\jack\dev\wx\wxWidgets-2.9.4\include\wx/xml/xml.h(183) : 参见“wxXmlNode::GetPropVal”的声明
     1>accelerator.cpp(45): warning C4996: 'wxXmlNode::GetPropVal': 被声明为已否决
                 C:\Users\jack\dev\wx\wxWidgets-2.9.4\include\wx/xml/xml.h(183) : 参见“wxXmlNode::GetPropVal”的声明
     1>accelerator.cpp(49): warning C4996: 'wxXmlNode::GetPropVal': 被声明为已否决
                 C:\Users\jack\dev\wx\wxWidgets-2.9.4\include\wx/xml/xml.h(183) : 参见“wxXmlNode::GetPropVal”的声明
     1>accelerator.cpp(51): warning C4996: 'wxXmlNode::GetPropVal': 被声明为已否决
                 C:\Users\jack\dev\wx\wxWidgets-2.9.4\include\wx/xml/xml.h(183) : 参见“wxXmlNode::GetPropVal”的声明
     1>accelerator.cpp(234): warning C4996: 'wxXmlNode::AddProperty': 被声明为已否决
                 C:\Users\jack\dev\wx\wxWidgets-2.9.4\include\wx/xml/xml.h(198) : 参见“wxXmlNode::AddProperty”的声明
     1>accelerator.cpp(234): warning C4996: 'wxXmlNode::AddProperty': 被声明为已否决
                 C:\Users\jack\dev\wx\wxWidgets-2.9.4\include\wx/xml/xml.h(198) : 参见“wxXmlNode::AddProperty”的声明
     1>accelerator.cpp(235): warning C4996: 'wxXmlNode::AddProperty': 被声明为已否决
                 C:\Users\jack\dev\wx\wxWidgets-2.9.4\include\wx/xml/xml.h(198) : 参见“wxXmlNode::AddProperty”的声明
     1>accelerator.cpp(235): warning C4996: 'wxXmlNode::AddProperty': 被声明为已否决
                 C:\Users\jack\dev\wx\wxWidgets-2.9.4\include\wx/xml/xml.h(198) : 参见“wxXmlNode::AddProperty”的声明
     1>accelerator.cpp(236): warning C4996: 'wxXmlNode::AddProperty': 被声明为已否决
                 C:\Users\jack\dev\wx\wxWidgets-2.9.4\include\wx/xml/xml.h(198) : 参见“wxXmlNode::AddProperty”的声明
     1>accelerator.cpp(236): warning C4996: 'wxXmlNode::AddProperty': 被声明为已否决
                 C:\Users\jack\dev\wx\wxWidgets-2.9.4\include\wx/xml/xml.h(198) : 参见“wxXmlNode::AddProperty”的声明
     1>accelerator.cpp(237): warning C4996: 'wxXmlNode::AddProperty': 被声明为已否决
                 C:\Users\jack\dev\wx\wxWidgets-2.9.4\include\wx/xml/xml.h(198) : 参见“wxXmlNode::AddProperty”的声明
     1>accelerator.cpp(237): warning C4996: 'wxXmlNode::AddProperty': 被声明为已否决
                 C:\Users\jack\dev\wx\wxWidgets-2.9.4\include\wx/xml/xml.h(198) : 参见“wxXmlNode::AddProperty”的声明
     1>c:\users\li\documents\visual studio 2010\projects\redowxgis\minimal\wxgis\framework\base.h(90): warning C4505: “DoubleToString”: 未引用的本地函数已移除
     1>c:\users\li\documents\visual studio 2010\projects\redowxgis\minimal\wxgis\framework\base.h(115): warning C4505: “StringToDouble”: 未引用的本地函数已移除
     1>c:\users\li\documents\visual studio 2010\projects\redowxgis\minimal\wxgis\framework\base.h(146): warning C4505: “NumberScale”: 未引用的本地函数已移除
     1>c:\users\li\documents\visual studio 2010\projects\redowxgis\minimal\wxgis\framework\base.h(90): warning C4505: “DoubleToString”: 未引用的本地函数已移除
     1>c:\users\li\documents\visual studio 2010\projects\redowxgis\minimal\wxgis\framework\base.h(115): warning C4505: “StringToDouble”: 未引用的本地函数已移除
     1>c:\users\li\documents\visual studio 2010\projects\redowxgis\minimal\wxgis\framework\base.h(146): warning C4505: “NumberScale”: 未引用的本地函数已移除
     1>c:\users\li\documents\visual studio 2010\projects\redowxgis\minimal\toolbarmenu.h(15): warning C4100: “pCmd”: 未引用的形参
     1>c:\users\li\documents\visual studio 2010\projects\redowxgis\minimal\toolbarmenu.h(16): warning C4100: “nIndex”: 未引用的形参
     1>c:\users\li\documents\visual studio 2010\projects\redowxgis\minimal\toolbarmenu.h(17): warning C4100: “nIndex”: 未引用的形参
     1>c:\users\li\documents\visual studio 2010\projects\redowxgis\minimal\toolbarmenu.h(18): warning C4100: “nIndex”: 未引用的形参
     1>application.cpp(95): warning C4996: 'wxXmlNode::GetPropVal': 被声明为已否决
                 C:\Users\jack\dev\wx\wxWidgets-2.9.4\include\wx/xml/xml.h(183) : 参见“wxXmlNode::GetPropVal”的声明
     1>application.cpp(144): warning C4100: “number”: 未引用的形参
     1>application.cpp(250): warning C4996: 'wxXmlNode::HasProp': 被声明为已否决
                 C:\Users\jack\dev\wx\wxWidgets-2.9.4\include\wx/xml/xml.h(184) : 参见“wxXmlNode::HasProp”的声明
     1>application.cpp(251): warning C4996: 'wxXmlNode::DeleteProperty': 被声明为已否决
                 C:\Users\jack\dev\wx\wxWidgets-2.9.4\include\wx/xml/xml.h(200) : 参见“wxXmlNode::DeleteProperty”的声明
     1>application.cpp(251): warning C4996: 'wxXmlNode::DeleteProperty': 被声明为已否决
                 C:\Users\jack\dev\wx\wxWidgets-2.9.4\include\wx/xml/xml.h(200) : 参见“wxXmlNode::DeleteProperty”的声明
     1>application.cpp(252): warning C4996: 'wxXmlNode::AddProperty': 被声明为已否决
                 C:\Users\jack\dev\wx\wxWidgets-2.9.4\include\wx/xml/xml.h(198) : 参见“wxXmlNode::AddProperty”的声明
     1>application.cpp(252): warning C4996: 'wxXmlNode::AddProperty': 被声明为已否决
                 C:\Users\jack\dev\wx\wxWidgets-2.9.4\include\wx/xml/xml.h(198) : 参见“wxXmlNode::AddProperty”的声明
     1>application.cpp(260): warning C4996: 'wxXmlNode::GetProperties': 被声明为已否决
                 C:\Users\jack\dev\wx\wxWidgets-2.9.4\include\wx/xml/xml.h(179) : 参见“wxXmlNode::GetProperties”的声明
     1>application.cpp(274): warning C4996: 'wxXmlNode::SetProperties': 被声明为已否决
                 C:\Users\jack\dev\wx\wxWidgets-2.9.4\include\wx/xml/xml.h(186) : 参见“wxXmlNode::SetProperties”的声明
     1>application.cpp(280): warning C4996: 'wxXmlNode::HasProp': 被声明为已否决
                 C:\Users\jack\dev\wx\wxWidgets-2.9.4\include\wx/xml/xml.h(184) : 参见“wxXmlNode::HasProp”的声明
     1>application.cpp(281): warning C4996: 'wxXmlNode::DeleteProperty': 被声明为已否决
                 C:\Users\jack\dev\wx\wxWidgets-2.9.4\include\wx/xml/xml.h(200) : 参见“wxXmlNode::DeleteProperty”的声明
     1>application.cpp(281): warning C4996: 'wxXmlNode::DeleteProperty': 被声明为已否决
                 C:\Users\jack\dev\wx\wxWidgets-2.9.4\include\wx/xml/xml.h(200) : 参见“wxXmlNode::DeleteProperty”的声明
     1>application.cpp(287): warning C4996: 'wxXmlNode::AddProperty': 被声明为已否决
                 C:\Users\jack\dev\wx\wxWidgets-2.9.4\include\wx/xml/xml.h(198) : 参见“wxXmlNode::AddProperty”的声明
     1>application.cpp(287): warning C4996: 'wxXmlNode::AddProperty': 被声明为已否决
                 C:\Users\jack\dev\wx\wxWidgets-2.9.4\include\wx/xml/xml.h(198) : 参见“wxXmlNode::AddProperty”的声明
     1>application.cpp(298): warning C4800: “int”: 将值强制为布尔值“true”或“false”(性能警告)
     1>application.cpp(298): warning C4996: 'wxXmlNode::GetPropVal': 被声明为已否决
                 C:\Users\jack\dev\wx\wxWidgets-2.9.4\include\wx/xml/xml.h(183) : 参见“wxXmlNode::GetPropVal”的声明
     1>application.cpp(301): warning C4996: 'wxXmlNode::GetPropVal': 被声明为已否决
                 C:\Users\jack\dev\wx\wxWidgets-2.9.4\include\wx/xml/xml.h(183) : 参见“wxXmlNode::GetPropVal”的声明
     1>application.cpp(302): warning C4996: 'wxXmlNode::GetPropVal': 被声明为已否决
                 C:\Users\jack\dev\wx\wxWidgets-2.9.4\include\wx/xml/xml.h(183) : 参见“wxXmlNode::GetPropVal”的声明
     1>application.cpp(303): warning C4996: 'wxXmlNode::GetPropVal': 被声明为已否决
                 C:\Users\jack\dev\wx\wxWidgets-2.9.4\include\wx/xml/xml.h(183) : 参见“wxXmlNode::GetPropVal”的声明
     1>application.cpp(304): warning C4996: 'wxXmlNode::GetPropVal': 被声明为已否决
                 C:\Users\jack\dev\wx\wxWidgets-2.9.4\include\wx/xml/xml.h(183) : 参见“wxXmlNode::GetPropVal”的声明
     1>application.cpp(316): warning C4996: 'wxXmlNode::GetPropVal': 被声明为已否决
                 C:\Users\jack\dev\wx\wxWidgets-2.9.4\include\wx/xml/xml.h(183) : 参见“wxXmlNode::GetPropVal”的声明
     1>application.cpp(268): warning C4189: “pHProp”: 局部变量已初始化但不引用
     1>application.cpp(270): warning C4189: “pYProp”: 局部变量已初始化但不引用
     1>application.cpp(269): warning C4189: “pWProp”: 局部变量已初始化但不引用
     1>application.cpp(525): warning C4996: 'wxXmlNode::GetPropVal': 被声明为已否决
                 C:\Users\jack\dev\wx\wxWidgets-2.9.4\include\wx/xml/xml.h(183) : 参见“wxXmlNode::GetPropVal”的声明
     1>application.cpp(536): warning C4996: 'wxXmlNode::GetPropVal': 被声明为已否决
                 C:\Users\jack\dev\wx\wxWidgets-2.9.4\include\wx/xml/xml.h(183) : 参见“wxXmlNode::GetPropVal”的声明
     1>application.cpp(554): warning C4996: 'wxXmlNode::GetPropVal': 被声明为已否决
                 C:\Users\jack\dev\wx\wxWidgets-2.9.4\include\wx/xml/xml.h(183) : 参见“wxXmlNode::GetPropVal”的声明
     1>application.cpp(565): warning C4996: 'wxXmlNode::GetPropVal': 被声明为已否决
                 C:\Users\jack\dev\wx\wxWidgets-2.9.4\include\wx/xml/xml.h(183) : 参见“wxXmlNode::GetPropVal”的声明
     1>c:\users\li\documents\visual studio 2010\projects\redowxgis\minimal\wxgis\framework\base.h(90): warning C4505: “DoubleToString”: 未引用的本地函数已移除
     1>c:\users\li\documents\visual studio 2010\projects\redowxgis\minimal\wxgis\framework\base.h(115): warning C4505: “StringToDouble”: 未引用的本地函数已移除
     1>c:\users\li\documents\visual studio 2010\projects\redowxgis\minimal\wxgis\framework\base.h(146): warning C4505: “NumberScale”: 未引用的本地函数已移除
     1>addcommanddlg.cpp(85): warning C4100: “event”: 未引用的形参
     1>addcommanddlg.cpp(118): warning C4100: “event”: 未引用的形参
     1>addcommanddlg.cpp(132): warning C4100: “event”: 未引用的形参
     1>c:\users\li\documents\visual studio 2010\projects\redowxgis\minimal\accelerator.cpp(312): warning C4701: 使用了可能未初始化的局部变量“Key”
         catalogapp.cpp
         catalogframe.cpp
         commandbar.cpp
     1>c:\users\li\documents\visual studio 2010\projects\redowxgis\minimal\wxgis\framework\base.h(90): warning C4505: “DoubleToString”: 未引用的本地函数已移除
     1>c:\users\li\documents\visual studio 2010\projects\redowxgis\minimal\wxgis\framework\base.h(115): warning C4505: “StringToDouble”: 未引用的本地函数已移除
     1>c:\users\li\documents\visual studio 2010\projects\redowxgis\minimal\wxgis\framework\base.h(146): warning C4505: “NumberScale”: 未引用的本地函数已移除
         createcbdlg.cpp
     1>C:\Users\jack\dev\gdal\gdal\port\cpl_string.h(225): warning C4251: “std::_String_val<_Elem,_Alloc>::_Alval”: class“std::allocator<_Ty>”需要有 dll 接口由 class“std::_String_val<_Elem,_Alloc>”的客户端使用
                 with
                 [
                     _Elem=char,
                     _Alloc=std::allocator<char>
                 ]
                 and
                 [
                     _Ty=char
                 ]
                 and
                 [
                     _Elem=char,
                     _Alloc=std::allocator<char>
                 ]
     1>C:\Users\jack\dev\gdal\gdal\gcore\gdal_priv.h(436): warning C4251: “GDALColorTable::aoEntries”: class“std::vector<_Ty>”需要有 dll 接口由 class“GDALColorTable”的客户端使用
                 with
                 [
                     _Ty=GDALColorEntry
                 ]
     1>c:\users\li\documents\visual studio 2010\projects\redowxgis\minimal\wxgis\framework\base.h(153): warning C4018: “<”: 有符号/无符号不匹配
     1>c:\users\li\documents\visual studio 2010\projects\redowxgis\minimal\wxgis\framework\framework.h(108): warning C4018: “<=”: 有符号/无符号不匹配
     1>c:\users\li\documents\visual studio 2010\projects\redowxgis\minimal\datasource.h(83): warning C4100: “dfMaxX”: 未引用的形参
     1>c:\users\li\documents\visual studio 2010\projects\redowxgis\minimal\catalog.h(6): warning C4005: “APP_NAME”: 宏重定义
                 c:\users\li\documents\visual studio 2010\projects\redowxgis\minimal\wxgis\framework\base.h(76) : 参见“APP_NAME”的前一个定义
     1>c:\users\li\documents\visual studio 2010\projects\redowxgis\minimal\catalog.h(189): warning C4100: “parent”: 未引用的形参
     1>c:\users\li\documents\visual studio 2010\projects\redowxgis\minimal\wxgis\framework\base.h(153): warning C4018: “<”: 有符号/无符号不匹配
     1>c:\users\li\documents\visual studio 2010\projects\redowxgis\minimal\wxgis\framework\base.h(153): warning C4018: “<”: 有符号/无符号不匹配
     1>c:\users\li\documents\visual studio 2010\projects\redowxgis\minimal\wxgis/framework/framework.h(108): warning C4018: “<=”: 有符号/无符号不匹配
     1>c:\users\li\documents\visual studio 2010\projects\redowxgis\minimal\wxgis\framework\base.h(153): warning C4018: “<”: 有符号/无符号不匹配
     1>c:\users\li\documents\visual studio 2010\projects\redowxgis\minimal\wxgis\framework\framework.h(108): warning C4018: “<=”: 有符号/无符号不匹配
     1>c:\users\li\documents\visual studio 2010\projects\redowxgis\minimal\wxgis\framework\framework.h(108): warning C4018: “<=”: 有符号/无符号不匹配
     1>c:\users\li\documents\visual studio 2010\projects\redowxgis\minimal\wxgis\framework\base.h(90): warning C4505: “DoubleToString”: 未引用的本地函数已移除
     1>c:\users\li\documents\visual studio 2010\projects\redowxgis\minimal\wxgis\framework\base.h(115): warning C4505: “StringToDouble”: 未引用的本地函数已移除
     1>c:\users\li\documents\visual studio 2010\projects\redowxgis\minimal\wxgis\framework\base.h(146): warning C4505: “NumberScale”: 未引用的本地函数已移除
         customizedlg.cpp
     1>commandbar.cpp(92): warning C4996: 'wxXmlNode::AddProperty': 被声明为已否决
                 C:\Users\jack\dev\wx\wxWidgets-2.9.4\include\wx/xml/xml.h(198) : 参见“wxXmlNode::AddProperty”的声明
     1>commandbar.cpp(92): warning C4996: 'wxXmlNode::AddProperty': 被声明为已否决
                 C:\Users\jack\dev\wx\wxWidgets-2.9.4\include\wx/xml/xml.h(198) : 参见“wxXmlNode::AddProperty”的声明
     1>commandbar.cpp(93): warning C4996: 'wxXmlNode::AddProperty': 被声明为已否决
                 C:\Users\jack\dev\wx\wxWidgets-2.9.4\include\wx/xml/xml.h(198) : 参见“wxXmlNode::AddProperty”的声明
     1>commandbar.cpp(93): warning C4996: 'wxXmlNode::AddProperty': 被声明为已否决
                 C:\Users\jack\dev\wx\wxWidgets-2.9.4\include\wx/xml/xml.h(198) : 参见“wxXmlNode::AddProperty”的声明
     1>commandbar.cpp(104): warning C4996: 'wxXmlNode::AddProperty': 被声明为已否决
                 C:\Users\jack\dev\wx\wxWidgets-2.9.4\include\wx/xml/xml.h(198) : 参见“wxXmlNode::AddProperty”的声明
     1>commandbar.cpp(104): warning C4996: 'wxXmlNode::AddProperty': 被声明为已否决
                 C:\Users\jack\dev\wx\wxWidgets-2.9.4\include\wx/xml/xml.h(198) : 参见“wxXmlNode::AddProperty”的声明
     1>commandbar.cpp(111): warning C4996: 'wxXmlNode::AddProperty': 被声明为已否决
                 C:\Users\jack\dev\wx\wxWidgets-2.9.4\include\wx/xml/xml.h(198) : 参见“wxXmlNode::AddProperty”的声明
     1>commandbar.cpp(111): warning C4996: 'wxXmlNode::AddProperty': 被声明为已否决
                 C:\Users\jack\dev\wx\wxWidgets-2.9.4\include\wx/xml/xml.h(198) : 参见“wxXmlNode::AddProperty”的声明
     1>commandbar.cpp(117): warning C4996: 'wxXmlNode::AddProperty': 被声明为已否决
                 C:\Users\jack\dev\wx\wxWidgets-2.9.4\include\wx/xml/xml.h(198) : 参见“wxXmlNode::AddProperty”的声明
     1>commandbar.cpp(117): warning C4996: 'wxXmlNode::AddProperty': 被声明为已否决
                 C:\Users\jack\dev\wx\wxWidgets-2.9.4\include\wx/xml/xml.h(198) : 参见“wxXmlNode::AddProperty”的声明
     1>commandbar.cpp(118): warning C4996: 'wxXmlNode::AddProperty': 被声明为已否决
                 C:\Users\jack\dev\wx\wxWidgets-2.9.4\include\wx/xml/xml.h(198) : 参见“wxXmlNode::AddProperty”的声明
     1>commandbar.cpp(118): warning C4996: 'wxXmlNode::AddProperty': 被声明为已否决
                 C:\Users\jack\dev\wx\wxWidgets-2.9.4\include\wx/xml/xml.h(198) : 参见“wxXmlNode::AddProperty”的声明
     1>commandbar.cpp(119): warning C4996: 'wxXmlNode::AddProperty': 被声明为已否决
                 C:\Users\jack\dev\wx\wxWidgets-2.9.4\include\wx/xml/xml.h(198) : 参见“wxXmlNode::AddProperty”的声明
     1>commandbar.cpp(119): warning C4996: 'wxXmlNode::AddProperty': 被声明为已否决
                 C:\Users\jack\dev\wx\wxWidgets-2.9.4\include\wx/xml/xml.h(198) : 参见“wxXmlNode::AddProperty”的声明
     1>commandbar.cpp(125): warning C4996: 'wxXmlNode::AddProperty': 被声明为已否决
                 C:\Users\jack\dev\wx\wxWidgets-2.9.4\include\wx/xml/xml.h(198) : 参见“wxXmlNode::AddProperty”的声明
     1>commandbar.cpp(125): warning C4996: 'wxXmlNode::AddProperty': 被声明为已否决
                 C:\Users\jack\dev\wx\wxWidgets-2.9.4\include\wx/xml/xml.h(198) : 参见“wxXmlNode::AddProperty”的声明
     1>commandbar.cpp(129): warning C4996: 'wxXmlNode::AddProperty': 被声明为已否决
                 C:\Users\jack\dev\wx\wxWidgets-2.9.4\include\wx/xml/xml.h(198) : 参见“wxXmlNode::AddProperty”的声明
     1>commandbar.cpp(129): warning C4996: 'wxXmlNode::AddProperty': 被声明为已否决
                 C:\Users\jack\dev\wx\wxWidgets-2.9.4\include\wx/xml/xml.h(198) : 参见“wxXmlNode::AddProperty”的声明
     1>commandbar.cpp(130): warning C4996: 'wxXmlNode::AddProperty': 被声明为已否决
                 C:\Users\jack\dev\wx\wxWidgets-2.9.4\include\wx/xml/xml.h(198) : 参见“wxXmlNode::AddProperty”的声明
     1>commandbar.cpp(130): warning C4996: 'wxXmlNode::AddProperty': 被声明为已否决
                 C:\Users\jack\dev\wx\wxWidgets-2.9.4\include\wx/xml/xml.h(198) : 参见“wxXmlNode::AddProperty”的声明
     1>commandbar.cpp(145): warning C4996: 'wxXmlNode::GetPropVal': 被声明为已否决
                 C:\Users\jack\dev\wx\wxWidgets-2.9.4\include\wx/xml/xml.h(183) : 参见“wxXmlNode::GetPropVal”的声明
     1>commandbar.cpp(148): warning C4996: 'wxXmlNode::GetPropVal': 被声明为已否决
                 C:\Users\jack\dev\wx\wxWidgets-2.9.4\include\wx/xml/xml.h(183) : 参见“wxXmlNode::GetPropVal”的声明
     1>commandbar.cpp(149): warning C4996: 'wxXmlNode::GetPropVal': 被声明为已否决
                 C:\Users\jack\dev\wx\wxWidgets-2.9.4\include\wx/xml/xml.h(183) : 参见“wxXmlNode::GetPropVal”的声明
     1>commandbar.cpp(157): warning C4996: 'wxXmlNode::GetPropVal': 被声明为已否决
                 C:\Users\jack\dev\wx\wxWidgets-2.9.4\include\wx/xml/xml.h(183) : 参见“wxXmlNode::GetPropVal”的声明
     1>commandbar.cpp(476): warning C4996: 'wxXmlNode::AddProperty': 被声明为已否决
                 C:\Users\jack\dev\wx\wxWidgets-2.9.4\include\wx/xml/xml.h(198) : 参见“wxXmlNode::AddProperty”的声明
     1>commandbar.cpp(476): warning C4996: 'wxXmlNode::AddProperty': 被声明为已否决
                 C:\Users\jack\dev\wx\wxWidgets-2.9.4\include\wx/xml/xml.h(198) : 参见“wxXmlNode::AddProperty”的声明
     1>commandbar.cpp(477): warning C4996: 'wxXmlNode::AddProperty': 被声明为已否决
                 C:\Users\jack\dev\wx\wxWidgets-2.9.4\include\wx/xml/xml.h(198) : 参见“wxXmlNode::AddProperty”的声明
     1>commandbar.cpp(477): warning C4996: 'wxXmlNode::AddProperty': 被声明为已否决
                 C:\Users\jack\dev\wx\wxWidgets-2.9.4\include\wx/xml/xml.h(198) : 参见“wxXmlNode::AddProperty”的声明
     1>commandbar.cpp(478): warning C4996: 'wxXmlNode::AddProperty': 被声明为已否决
                 C:\Users\jack\dev\wx\wxWidgets-2.9.4\include\wx/xml/xml.h(198) : 参见“wxXmlNode::AddProperty”的声明
     1>commandbar.cpp(478): warning C4996: 'wxXmlNode::AddProperty': 被声明为已否决
                 C:\Users\jack\dev\wx\wxWidgets-2.9.4\include\wx/xml/xml.h(198) : 参见“wxXmlNode::AddProperty”的声明
     1>commandbar.cpp(483): warning C4996: 'wxXmlNode::GetPropVal': 被声明为已否决
                 C:\Users\jack\dev\wx\wxWidgets-2.9.4\include\wx/xml/xml.h(183) : 参见“wxXmlNode::GetPropVal”的声明
     1>commandbar.cpp(484): warning C4996: 'wxXmlNode::GetPropVal': 被声明为已否决
                 C:\Users\jack\dev\wx\wxWidgets-2.9.4\include\wx/xml/xml.h(183) : 参见“wxXmlNode::GetPropVal”的声明
     1>commandbar.cpp(485): warning C4996: 'wxXmlNode::GetPropVal': 被声明为已否决
                 C:\Users\jack\dev\wx\wxWidgets-2.9.4\include\wx/xml/xml.h(183) : 参见“wxXmlNode::GetPropVal”的声明
     1>commandbar.cpp(507): warning C4100: “pMenu”: 未引用的形参
     1>c:\users\li\documents\visual studio 2010\projects\redowxgis\minimal\wxgis\framework\base.h(90): warning C4505: “DoubleToString”: 未引用的本地函数已移除
     1>c:\users\li\documents\visual studio 2010\projects\redowxgis\minimal\wxgis\framework\base.h(115): warning C4505: “StringToDouble”: 未引用的本地函数已移除
     1>c:\users\li\documents\visual studio 2010\projects\redowxgis\minimal\wxgis\framework\base.h(146): warning C4505: “NumberScale”: 未引用的本地函数已移除
     1>c:\users\li\documents\visual studio 2010\projects\redowxgis\minimal\datasource.h(83): warning C4100: “dfMaxX”: 未引用的形参
     1>c:\users\li\documents\visual studio 2010\projects\redowxgis\minimal\catalog.h(6): warning C4005: “APP_NAME”: 宏重定义
                 c:\users\li\documents\visual studio 2010\projects\redowxgis\minimal\wxgis\framework\base.h(76) : 参见“APP_NAME”的前一个定义
     1>c:\users\li\documents\visual studio 2010\projects\redowxgis\minimal\catalog.h(189): warning C4100: “parent”: 未引用的形参
         gxapplication.cpp
     1>catalogapp.cpp(297): warning C4100: “event”: 未引用的形参
     1>c:\users\li\documents\visual studio 2010\projects\redowxgis\minimal\wxgis\framework\base.h(90): warning C4505: “DoubleToString”: 未引用的本地函数已移除
     1>c:\users\li\documents\visual studio 2010\projects\redowxgis\minimal\wxgis\framework\base.h(115): warning C4505: “StringToDouble”: 未引用的本地函数已移除
     1>c:\users\li\documents\visual studio 2010\projects\redowxgis\minimal\wxgis\framework\base.h(146): warning C4505: “NumberScale”: 未引用的本地函数已移除
     1>c:\users\li\documents\visual studio 2010\projects\redowxgis\minimal\wxgis\framework\base.h(90): warning C4505: “DoubleToString”: 未引用的本地函数已移除
     1>c:\users\li\documents\visual studio 2010\projects\redowxgis\minimal\wxgis\framework\base.h(115): warning C4505: “StringToDouble”: 未引用的本地函数已移除
     1>c:\users\li\documents\visual studio 2010\projects\redowxgis\minimal\wxgis\framework\base.h(146): warning C4505: “NumberScale”: 未引用的本地函数已移除
         gxcatalog.cpp
         gxcontentview.cpp
         gxdisconnection.cpp
     1>C:\Users\jack\dev\gdal\gdal\port\cpl_string.h(225): warning C4251: “std::_String_val<_Elem,_Alloc>::_Alval”: class“std::allocator<_Ty>”需要有 dll 接口由 class“std::_String_val<_Elem,_Alloc>”的客户端使用
                 with
                 [
                     _Elem=char,
                     _Alloc=std::allocator<char>
                 ]
                 and
                 [
                     _Ty=char
                 ]
                 and
                 [
                     _Elem=char,
                     _Alloc=std::allocator<char>
                 ]
     1>C:\Users\jack\dev\gdal\gdal\port\cpl_string.h(225): warning C4251: “std::_String_val<_Elem,_Alloc>::_Alval”: class“std::allocator<_Ty>”需要有 dll 接口由 class“std::_String_val<_Elem,_Alloc>”的客户端使用
                 with
                 [
                     _Elem=char,
                     _Alloc=std::allocator<char>
                 ]
                 and
                 [
                     _Ty=char
                 ]
                 and
                 [
                     _Elem=char,
                     _Alloc=std::allocator<char>
                 ]
     1>C:\Users\jack\dev\gdal\gdal\port\cpl_string.h(225): warning C4251: “std::_String_val<_Elem,_Alloc>::_Alval”: class“std::allocator<_Ty>”需要有 dll 接口由 class“std::_String_val<_Elem,_Alloc>”的客户端使用
                 with
                 [
                     _Elem=char,
                     _Alloc=std::allocator<char>
                 ]
                 and
                 [
                     _Ty=char
                 ]
                 and
                 [
                     _Elem=char,
                     _Alloc=std::allocator<char>
                 ]
     1>C:\Users\jack\dev\gdal\gdal\gcore\gdal_priv.h(436): warning C4251: “GDALColorTable::aoEntries”: class“std::vector<_Ty>”需要有 dll 接口由 class“GDALColorTable”的客户端使用
                 with
                 [
                     _Ty=GDALColorEntry
                 ]
     1>C:\Users\jack\dev\gdal\gdal\gcore\gdal_priv.h(436): warning C4251: “GDALColorTable::aoEntries”: class“std::vector<_Ty>”需要有 dll 接口由 class“GDALColorTable”的客户端使用
                 with
                 [
                     _Ty=GDALColorEntry
                 ]
     1>C:\Users\jack\dev\gdal\gdal\gcore\gdal_priv.h(436): warning C4251: “GDALColorTable::aoEntries”: class“std::vector<_Ty>”需要有 dll 接口由 class“GDALColorTable”的客户端使用
                 with
                 [
                     _Ty=GDALColorEntry
                 ]
     1>c:\users\li\documents\visual studio 2010\projects\redowxgis\minimal\wxgis\framework\base.h(153): warning C4018: “<”: 有符号/无符号不匹配
     1>c:\users\li\documents\visual studio 2010\projects\redowxgis\minimal\wxgis\framework\base.h(153): warning C4018: “<”: 有符号/无符号不匹配
     1>c:\users\li\documents\visual studio 2010\projects\redowxgis\minimal\wxgis\framework\base.h(153): warning C4018: “<”: 有符号/无符号不匹配
     1>c:\users\li\documents\visual studio 2010\projects\redowxgis\minimal\wxgis\framework\base.h(153): warning C4018: “<”: 有符号/无符号不匹配
     1>c:\users\li\documents\visual studio 2010\projects\redowxgis\minimal\wxgis\framework\framework.h(108): warning C4018: “<=”: 有符号/无符号不匹配
     1>c:\users\li\documents\visual studio 2010\projects\redowxgis\minimal\wxgis\framework\framework.h(108): warning C4018: “<=”: 有符号/无符号不匹配
     1>c:\users\li\documents\visual studio 2010\projects\redowxgis\minimal\wxgis\framework\framework.h(108): warning C4018: “<=”: 有符号/无符号不匹配
     1>c:\users\li\documents\visual studio 2010\projects\redowxgis\minimal\wxgis\framework\framework.h(108): warning C4018: “<=”: 有符号/无符号不匹配
     1>c:\users\li\documents\visual studio 2010\projects\redowxgis\minimal\datasource.h(83): warning C4100: “dfMaxX”: 未引用的形参
     1>c:\users\li\documents\visual studio 2010\projects\redowxgis\minimal\datasource.h(83): warning C4100: “dfMaxX”: 未引用的形参
     1>c:\users\li\documents\visual studio 2010\projects\redowxgis\minimal\datasource.h(83): warning C4100: “dfMaxX”: 未引用的形参
     1>c:\users\li\documents\visual studio 2010\projects\redowxgis\minimal\datasource.h(83): warning C4100: “dfMaxX”: 未引用的形参
     1>c:\users\li\documents\visual studio 2010\projects\redowxgis\minimal\catalog.h(6): warning C4005: “APP_NAME”: 宏重定义
                 c:\users\li\documents\visual studio 2010\projects\redowxgis\minimal\wxgis\framework\base.h(76) : 参见“APP_NAME”的前一个定义
     1>c:\users\li\documents\visual studio 2010\projects\redowxgis\minimal\catalog.h(6): warning C4005: “APP_NAME”: 宏重定义
                 c:\users\li\documents\visual studio 2010\projects\redowxgis\minimal\wxgis\framework\base.h(76) : 参见“APP_NAME”的前一个定义
     1>c:\users\li\documents\visual studio 2010\projects\redowxgis\minimal\catalog.h(6): warning C4005: “APP_NAME”: 宏重定义
                 c:\users\li\documents\visual studio 2010\projects\redowxgis\minimal\wxgis\framework\base.h(76) : 参见“APP_NAME”的前一个定义
     1>c:\users\li\documents\visual studio 2010\projects\redowxgis\minimal\catalog.h(6): warning C4005: “APP_NAME”: 宏重定义
                 c:\users\li\documents\visual studio 2010\projects\redowxgis\minimal\wxgis\framework\base.h(76) : 参见“APP_NAME”的前一个定义
     1>c:\users\li\documents\visual studio 2010\projects\redowxgis\minimal\catalog.h(189): warning C4100: “parent”: 未引用的形参
     1>c:\users\li\documents\visual studio 2010\projects\redowxgis\minimal\catalog.h(189): warning C4100: “parent”: 未引用的形参
     1>c:\users\li\documents\visual studio 2010\projects\redowxgis\minimal\catalog.h(189): warning C4100: “parent”: 未引用的形参
     1>c:\users\li\documents\visual studio 2010\projects\redowxgis\minimal\catalog.h(189): warning C4100: “parent”: 未引用的形参
     1>gxdisconnection.cpp(48): warning C4100: “parent”: 未引用的形参
     1>c:\users\li\documents\visual studio 2010\projects\redowxgis\minimal\gxcatalog.h(22): warning C4100: “pCatalog”: 未引用的形参
     1>c:\users\li\documents\visual studio 2010\projects\redowxgis\minimal\gxcatalog.h(22): warning C4100: “pParent”: 未引用的形参
     1>gxcatalog.cpp(31): warning C4996: 'wxXmlNode::GetPropVal': 被声明为已否决
                 C:\Users\jack\dev\wx\wxWidgets-2.9.4\include\wx/xml/xml.h(183) : 参见“wxXmlNode::GetPropVal”的声明
     1>gxcatalog.cpp(61): warning C4100: “parent”: 未引用的形参
     1>gxcatalog.cpp(121): warning C4800: “int”: 将值强制为布尔值“true”或“false”(性能警告)
     1>gxcatalog.cpp(121): warning C4996: 'wxXmlNode::GetPropVal': 被声明为已否决
                 C:\Users\jack\dev\wx\wxWidgets-2.9.4\include\wx/xml/xml.h(183) : 参见“wxXmlNode::GetPropVal”的声明
     1>gxcatalog.cpp(122): warning C4800: “int”: 将值强制为布尔值“true”或“false”(性能警告)
     1>gxcatalog.cpp(122): warning C4996: 'wxXmlNode::GetPropVal': 被声明为已否决
                 C:\Users\jack\dev\wx\wxWidgets-2.9.4\include\wx/xml/xml.h(183) : 参见“wxXmlNode::GetPropVal”的声明
     1>gxcatalog.cpp(143): warning C4996: 'wxXmlNode::GetPropVal': 被声明为已否决
                 C:\Users\jack\dev\wx\wxWidgets-2.9.4\include\wx/xml/xml.h(183) : 参见“wxXmlNode::GetPropVal”的声明
     1>gxcatalog.cpp(151): warning C4800: “int”: 将值强制为布尔值“true”或“false”(性能警告)
     1>gxcatalog.cpp(151): warning C4996: 'wxXmlNode::GetPropVal': 被声明为已否决
                 C:\Users\jack\dev\wx\wxWidgets-2.9.4\include\wx/xml/xml.h(183) : 参见“wxXmlNode::GetPropVal”的声明
     1>gxcatalog.cpp(170): warning C4996: 'wxXmlNode::GetPropVal': 被声明为已否决
                 C:\Users\jack\dev\wx\wxWidgets-2.9.4\include\wx/xml/xml.h(183) : 参见“wxXmlNode::GetPropVal”的声明
     1>gxcatalog.cpp(208): warning C4996: 'wxXmlNode::HasProp': 被声明为已否决
                 C:\Users\jack\dev\wx\wxWidgets-2.9.4\include\wx/xml/xml.h(184) : 参见“wxXmlNode::HasProp”的声明
     1>gxcatalog.cpp(209): warning C4996: 'wxXmlNode::DeleteProperty': 被声明为已否决
                 C:\Users\jack\dev\wx\wxWidgets-2.9.4\include\wx/xml/xml.h(200) : 参见“wxXmlNode::DeleteProperty”的声明
     1>gxcatalog.cpp(209): warning C4996: 'wxXmlNode::DeleteProperty': 被声明为已否决
                 C:\Users\jack\dev\wx\wxWidgets-2.9.4\include\wx/xml/xml.h(200) : 参见“wxXmlNode::DeleteProperty”的声明
     1>gxcatalog.cpp(210): warning C4996: 'wxXmlNode::AddProperty': 被声明为已否决
                 C:\Users\jack\dev\wx\wxWidgets-2.9.4\include\wx/xml/xml.h(198) : 参见“wxXmlNode::AddProperty”的声明
     1>gxcatalog.cpp(210): warning C4996: 'wxXmlNode::AddProperty': 被声明为已否决
                 C:\Users\jack\dev\wx\wxWidgets-2.9.4\include\wx/xml/xml.h(198) : 参见“wxXmlNode::AddProperty”的声明
     1>gxcatalog.cpp(217): warning C4996: 'wxXmlNode::HasProp': 被声明为已否决
                 C:\Users\jack\dev\wx\wxWidgets-2.9.4\include\wx/xml/xml.h(184) : 参见“wxXmlNode::HasProp”的声明
     1>gxcatalog.cpp(218): warning C4996: 'wxXmlNode::DeleteProperty': 被声明为已否决
                 C:\Users\jack\dev\wx\wxWidgets-2.9.4\include\wx/xml/xml.h(200) : 参见“wxXmlNode::DeleteProperty”的声明
     1>gxcatalog.cpp(218): warning C4996: 'wxXmlNode::DeleteProperty': 被声明为已否决
                 C:\Users\jack\dev\wx\wxWidgets-2.9.4\include\wx/xml/xml.h(200) : 参见“wxXmlNode::DeleteProperty”的声明
     1>gxcatalog.cpp(219): warning C4996: 'wxXmlNode::AddProperty': 被声明为已否决
                 C:\Users\jack\dev\wx\wxWidgets-2.9.4\include\wx/xml/xml.h(198) : 参见“wxXmlNode::AddProperty”的声明
     1>gxcatalog.cpp(219): warning C4996: 'wxXmlNode::AddProperty': 被声明为已否决
                 C:\Users\jack\dev\wx\wxWidgets-2.9.4\include\wx/xml/xml.h(198) : 参见“wxXmlNode::AddProperty”的声明
     1>gxcatalog.cpp(287): warning C4996: 'wxXmlNode::AddProperty': 被声明为已否决
                 C:\Users\jack\dev\wx\wxWidgets-2.9.4\include\wx/xml/xml.h(198) : 参见“wxXmlNode::AddProperty”的声明
     1>gxcatalog.cpp(287): warning C4996: 'wxXmlNode::AddProperty': 被声明为已否决
                 C:\Users\jack\dev\wx\wxWidgets-2.9.4\include\wx/xml/xml.h(198) : 参见“wxXmlNode::AddProperty”的声明
     1>gxcatalog.cpp(288): warning C4996: 'wxXmlNode::HasProp': 被声明为已否决
                 C:\Users\jack\dev\wx\wxWidgets-2.9.4\include\wx/xml/xml.h(184) : 参见“wxXmlNode::HasProp”的声明
     1>gxcatalog.cpp(289): warning C4996: 'wxXmlNode::DeleteProperty': 被声明为已否决
                 C:\Users\jack\dev\wx\wxWidgets-2.9.4\include\wx/xml/xml.h(200) : 参见“wxXmlNode::DeleteProperty”的声明
     1>gxcatalog.cpp(289): warning C4996: 'wxXmlNode::DeleteProperty': 被声明为已否决
                 C:\Users\jack\dev\wx\wxWidgets-2.9.4\include\wx/xml/xml.h(200) : 参见“wxXmlNode::DeleteProperty”的声明
     1>gxcatalog.cpp(290): warning C4996: 'wxXmlNode::AddProperty': 被声明为已否决
                 C:\Users\jack\dev\wx\wxWidgets-2.9.4\include\wx/xml/xml.h(198) : 参见“wxXmlNode::AddProperty”的声明
     1>gxcatalog.cpp(290): warning C4996: 'wxXmlNode::AddProperty': 被声明为已否决
                 C:\Users\jack\dev\wx\wxWidgets-2.9.4\include\wx/xml/xml.h(198) : 参见“wxXmlNode::AddProperty”的声明
     1>gxcatalog.cpp(298): warning C4996: 'wxXmlNode::AddProperty': 被声明为已否决
                 C:\Users\jack\dev\wx\wxWidgets-2.9.4\include\wx/xml/xml.h(198) : 参见“wxXmlNode::AddProperty”的声明
     1>gxcatalog.cpp(298): warning C4996: 'wxXmlNode::AddProperty': 被声明为已否决
                 C:\Users\jack\dev\wx\wxWidgets-2.9.4\include\wx/xml/xml.h(198) : 参见“wxXmlNode::AddProperty”的声明
     1>gxcatalog.cpp(299): warning C4996: 'wxXmlNode::AddProperty': 被声明为已否决
                 C:\Users\jack\dev\wx\wxWidgets-2.9.4\include\wx/xml/xml.h(198) : 参见“wxXmlNode::AddProperty”的声明
     1>gxcatalog.cpp(299): warning C4996: 'wxXmlNode::AddProperty': 被声明为已否决
                 C:\Users\jack\dev\wx\wxWidgets-2.9.4\include\wx/xml/xml.h(198) : 参见“wxXmlNode::AddProperty”的声明
     1>gxcatalog.cpp(305): warning C4800: “int”: 将值强制为布尔值“true”或“false”(性能警告)
     1>gxcatalog.cpp(305): warning C4996: 'wxXmlNode::GetPropVal': 被声明为已否决
                 C:\Users\jack\dev\wx\wxWidgets-2.9.4\include\wx/xml/xml.h(183) : 参见“wxXmlNode::GetPropVal”的声明
     1>gxcatalog.cpp(324): warning C4996: 'wxXmlNode::GetPropVal': 被声明为已否决
                 C:\Users\jack\dev\wx\wxWidgets-2.9.4\include\wx/xml/xml.h(183) : 参见“wxXmlNode::GetPropVal”的声明
     1>gxcatalog.cpp(325): warning C4996: 'wxXmlNode::GetPropVal': 被声明为已否决
                 C:\Users\jack\dev\wx\wxWidgets-2.9.4\include\wx/xml/xml.h(183) : 参见“wxXmlNode::GetPropVal”的声明
     1>c:\users\li\documents\visual studio 2010\projects\redowxgis\minimal\wxgis\framework\base.h(90): warning C4505: “DoubleToString”: 未引用的本地函数已移除
     1>c:\users\li\documents\visual studio 2010\projects\redowxgis\minimal\wxgis\framework\base.h(115): warning C4505: “StringToDouble”: 未引用的本地函数已移除
     1>c:\users\li\documents\visual studio 2010\projects\redowxgis\minimal\wxgis\framework\base.h(146): warning C4505: “NumberScale”: 未引用的本地函数已移除
         gxfolder.cpp
     1>c:\users\li\documents\visual studio 2010\projects\redowxgis\minimal\wxgis\framework\base.h(90): warning C4505: “DoubleToString”: 未引用的本地函数已移除
     1>c:\users\li\documents\visual studio 2010\projects\redowxgis\minimal\wxgis\framework\base.h(115): warning C4505: “StringToDouble”: 未引用的本地函数已移除
     1>c:\users\li\documents\visual studio 2010\projects\redowxgis\minimal\wxgis\framework\base.h(146): warning C4505: “NumberScale”: 未引用的本地函数已移除
         gxselection.cpp
     1>c:\users\li\documents\visual studio 2010\projects\redowxgis\minimal\gxcatalog.h(22): warning C4100: “pCatalog”: 未引用的形参
     1>c:\users\li\documents\visual studio 2010\projects\redowxgis\minimal\gxcatalog.h(22): warning C4100: “pParent”: 未引用的形参
     1>c:\users\li\documents\visual studio 2010\projects\redowxgis\minimal\toolbarmenu.h(15): warning C4100: “pCmd”: 未引用的形参
     1>c:\users\li\documents\visual studio 2010\projects\redowxgis\minimal\toolbarmenu.h(16): warning C4100: “nIndex”: 未引用的形参
     1>c:\users\li\documents\visual studio 2010\projects\redowxgis\minimal\toolbarmenu.h(17): warning C4100: “nIndex”: 未引用的形参
     1>c:\users\li\documents\visual studio 2010\projects\redowxgis\minimal\toolbarmenu.h(18): warning C4100: “nIndex”: 未引用的形参
     1>gxapplication.cpp(68): warning C4996: 'wxXmlNode::GetPropVal': 被声明为已否决
                 C:\Users\jack\dev\wx\wxWidgets-2.9.4\include\wx/xml/xml.h(183) : 参见“wxXmlNode::GetPropVal”的声明
     1>gxapplication.cpp(90): warning C4996: 'wxXmlNode::HasProp': 被声明为已否决
                 C:\Users\jack\dev\wx\wxWidgets-2.9.4\include\wx/xml/xml.h(184) : 参见“wxXmlNode::HasProp”的声明
     1>gxapplication.cpp(91): warning C4996: 'wxXmlNode::DeleteProperty': 被声明为已否决
                 C:\Users\jack\dev\wx\wxWidgets-2.9.4\include\wx/xml/xml.h(200) : 参见“wxXmlNode::DeleteProperty”的声明
     1>gxapplication.cpp(91): warning C4996: 'wxXmlNode::DeleteProperty': 被声明为已否决
                 C:\Users\jack\dev\wx\wxWidgets-2.9.4\include\wx/xml/xml.h(200) : 参见“wxXmlNode::DeleteProperty”的声明
     1>gxapplication.cpp(97): warning C4996: 'wxXmlNode::AddProperty': 被声明为已否决
                 C:\Users\jack\dev\wx\wxWidgets-2.9.4\include\wx/xml/xml.h(198) : 参见“wxXmlNode::AddProperty”的声明
     1>gxapplication.cpp(97): warning C4996: 'wxXmlNode::AddProperty': 被声明为已否决
                 C:\Users\jack\dev\wx\wxWidgets-2.9.4\include\wx/xml/xml.h(198) : 参见“wxXmlNode::AddProperty”的声明
     1>gxapplication.cpp(138): warning C4996: 'wxXmlNode::HasProp': 被声明为已否决
                 C:\Users\jack\dev\wx\wxWidgets-2.9.4\include\wx/xml/xml.h(184) : 参见“wxXmlNode::HasProp”的声明
     1>gxapplication.cpp(139): warning C4996: 'wxXmlNode::DeleteProperty': 被声明为已否决
                 C:\Users\jack\dev\wx\wxWidgets-2.9.4\include\wx/xml/xml.h(200) : 参见“wxXmlNode::DeleteProperty”的声明
     1>gxapplication.cpp(139): warning C4996: 'wxXmlNode::DeleteProperty': 被声明为已否决
                 C:\Users\jack\dev\wx\wxWidgets-2.9.4\include\wx/xml/xml.h(200) : 参见“wxXmlNode::DeleteProperty”的声明
     1>gxapplication.cpp(143): warning C4996: 'wxXmlNode::AddProperty': 被声明为已否决
                 C:\Users\jack\dev\wx\wxWidgets-2.9.4\include\wx/xml/xml.h(198) : 参见“wxXmlNode::AddProperty”的声明
     1>gxapplication.cpp(143): warning C4996: 'wxXmlNode::AddProperty': 被声明为已否决
                 C:\Users\jack\dev\wx\wxWidgets-2.9.4\include\wx/xml/xml.h(198) : 参见“wxXmlNode::AddProperty”的声明
     1>gxapplication.cpp(149): warning C4996: 'wxXmlNode::GetPropVal': 被声明为已否决
                 C:\Users\jack\dev\wx\wxWidgets-2.9.4\include\wx/xml/xml.h(183) : 参见“wxXmlNode::GetPropVal”的声明
     1>customizedlg.cpp(190): warning C4100: “event”: 未引用的形参
     1>customizedlg.cpp(228): warning C4100: “event”: 未引用的形参
     1>customizedlg.cpp(251): warning C4018: “<”: 有符号/无符号不匹配
     1>customizedlg.cpp(261): warning C4100: “event”: 未引用的形参
     1>customizedlg.cpp(371): warning C4100: “event”: 未引用的形参
     1>customizedlg.cpp(452): warning C4100: “event”: 未引用的形参
     1>customizedlg.cpp(470): warning C4018: “>=”: 有符号/无符号不匹配
     1>customizedlg.cpp(462): warning C4100: “event”: 未引用的形参
     1>customizedlg.cpp(486): warning C4100: “event”: 未引用的形参
     1>customizedlg.cpp(506): warning C4100: “event”: 未引用的形参
     1>customizedlg.cpp(548): warning C4100: “event”: 未引用的形参
     1>customizedlg.cpp(671): warning C4100: “event”: 未引用的形参
     1>customizedlg.cpp(733): warning C4018: “<”: 有符号/无符号不匹配
     1>customizedlg.cpp(743): warning C4100: “event”: 未引用的形参
     1>c:\users\li\documents\visual studio 2010\projects\redowxgis\minimal\wxgis\framework\base.h(90): warning C4505: “DoubleToString”: 未引用的本地函数已移除
     1>c:\users\li\documents\visual studio 2010\projects\redowxgis\minimal\wxgis\framework\base.h(115): warning C4505: “StringToDouble”: 未引用的本地函数已移除
     1>c:\users\li\documents\visual studio 2010\projects\redowxgis\minimal\wxgis\framework\base.h(146): warning C4505: “NumberScale”: 未引用的本地函数已移除
     1>C:\Users\jack\dev\gdal\gdal\port\cpl_string.h(225): warning C4251: “std::_String_val<_Elem,_Alloc>::_Alval”: class“std::allocator<_Ty>”需要有 dll 接口由 class“std::_String_val<_Elem,_Alloc>”的客户端使用
                 with
                 [
                     _Elem=char,
                     _Alloc=std::allocator<char>
                 ]
                 and
                 [
                     _Ty=char
                 ]
                 and
                 [
                     _Elem=char,
                     _Alloc=std::allocator<char>
                 ]
     1>C:\Users\jack\dev\gdal\gdal\port\cpl_string.h(225): warning C4251: “std::_String_val<_Elem,_Alloc>::_Alval”: class“std::allocator<_Ty>”需要有 dll 接口由 class“std::_String_val<_Elem,_Alloc>”的客户端使用
                 with
                 [
                     _Elem=char,
                     _Alloc=std::allocator<char>
                 ]
                 and
                 [
                     _Ty=char
                 ]
                 and
                 [
                     _Elem=char,
                     _Alloc=std::allocator<char>
                 ]
     1>c:\users\li\documents\visual studio 2010\projects\redowxgis\minimal\wxgis\framework\base.h(90): warning C4505: “DoubleToString”: 未引用的本地函数已移除
     1>c:\users\li\documents\visual studio 2010\projects\redowxgis\minimal\wxgis\framework\base.h(115): warning C4505: “StringToDouble”: 未引用的本地函数已移除
     1>c:\users\li\documents\visual studio 2010\projects\redowxgis\minimal\wxgis\framework\base.h(146): warning C4505: “NumberScale”: 未引用的本地函数已移除
     1>c:\users\li\documents\visual studio 2010\projects\redowxgis\minimal\gxapplication.cpp(153): warning C4717: “wxGxApplication::SerializeFramePos”: 如递归所有控件路径，函数将导致运行时堆栈溢出
         gxshapefactory.cpp
         gxtabview.cpp
     1>C:\Users\jack\dev\gdal\gdal\port\cpl_string.h(225): warning C4251: “std::_String_val<_Elem,_Alloc>::_Alval”: class“std::allocator<_Ty>”需要有 dll 接口由 class“std::_String_val<_Elem,_Alloc>”的客户端使用
                 with
                 [
                     _Elem=char,
                     _Alloc=std::allocator<char>
                 ]
                 and
                 [
                     _Ty=char
                 ]
                 and
                 [
                     _Elem=char,
                     _Alloc=std::allocator<char>
                 ]
     1>C:\Users\jack\dev\gdal\gdal\gcore\gdal_priv.h(436): warning C4251: “GDALColorTable::aoEntries”: class“std::vector<_Ty>”需要有 dll 接口由 class“GDALColorTable”的客户端使用
                 with
                 [
                     _Ty=GDALColorEntry
                 ]
     1>C:\Users\jack\dev\gdal\gdal\gcore\gdal_priv.h(436): warning C4251: “GDALColorTable::aoEntries”: class“std::vector<_Ty>”需要有 dll 接口由 class“GDALColorTable”的客户端使用
                 with
                 [
                     _Ty=GDALColorEntry
                 ]
     1>C:\Users\jack\dev\gdal\gdal\gcore\gdal_priv.h(436): warning C4251: “GDALColorTable::aoEntries”: class“std::vector<_Ty>”需要有 dll 接口由 class“GDALColorTable”的客户端使用
                 with
                 [
                     _Ty=GDALColorEntry
                 ]
     1>c:\users\li\documents\visual studio 2010\projects\redowxgis\minimal\wxgis\framework\base.h(153): warning C4018: “<”: 有符号/无符号不匹配
     1>c:\users\li\documents\visual studio 2010\projects\redowxgis\minimal\wxgis\framework\base.h(153): warning C4018: “<”: 有符号/无符号不匹配
     1>c:\users\li\documents\visual studio 2010\projects\redowxgis\minimal\wxgis\framework\base.h(153): warning C4018: “<”: 有符号/无符号不匹配
     1>c:\users\li\documents\visual studio 2010\projects\redowxgis\minimal\wxgis\framework\framework.h(108): warning C4018: “<=”: 有符号/无符号不匹配
     1>c:\users\li\documents\visual studio 2010\projects\redowxgis\minimal\wxgis\framework\framework.h(108): warning C4018: “<=”: 有符号/无符号不匹配
     1>c:\users\li\documents\visual studio 2010\projects\redowxgis\minimal\wxgis\framework\framework.h(108): warning C4018: “<=”: 有符号/无符号不匹配
     1>c:\users\li\documents\visual studio 2010\projects\redowxgis\minimal\datasource.h(83): warning C4100: “dfMaxX”: 未引用的形参
     1>c:\users\li\documents\visual studio 2010\projects\redowxgis\minimal\datasource.h(83): warning C4100: “dfMaxX”: 未引用的形参
     1>c:\users\li\documents\visual studio 2010\projects\redowxgis\minimal\datasource.h(83): warning C4100: “dfMaxX”: 未引用的形参
     1>c:\users\li\documents\visual studio 2010\projects\redowxgis\minimal\catalog.h(6): warning C4005: “APP_NAME”: 宏重定义
                 c:\users\li\documents\visual studio 2010\projects\redowxgis\minimal\wxgis\framework\base.h(76) : 参见“APP_NAME”的前一个定义
     1>c:\users\li\documents\visual studio 2010\projects\redowxgis\minimal\catalog.h(6): warning C4005: “APP_NAME”: 宏重定义
                 c:\users\li\documents\visual studio 2010\projects\redowxgis\minimal\wxgis\framework\base.h(76) : 参见“APP_NAME”的前一个定义
     1>c:\users\li\documents\visual studio 2010\projects\redowxgis\minimal\catalog.h(6): warning C4005: “APP_NAME”: 宏重定义
                 c:\users\li\documents\visual studio 2010\projects\redowxgis\minimal\wxgis\framework\base.h(76) : 参见“APP_NAME”的前一个定义
     1>c:\users\li\documents\visual studio 2010\projects\redowxgis\minimal\catalog.h(189): warning C4100: “parent”: 未引用的形参
     1>c:\users\li\documents\visual studio 2010\projects\redowxgis\minimal\catalog.h(189): warning C4100: “parent”: 未引用的形参
     1>c:\users\li\documents\visual studio 2010\projects\redowxgis\minimal\catalog.h(189): warning C4100: “parent”: 未引用的形参
     1>c:\users\li\documents\visual studio 2010\projects\redowxgis\minimal\gxdataset.h(87): error C2061: 语法错误: 标识符“wxGISEnumRasterType”
         gxtreeview.cpp
     1>gxfolder.cpp(96): warning C4100: “parent”: 未引用的形参
     1>c:\users\li\documents\visual studio 2010\projects\redowxgis\minimal\wxgis\framework\base.h(153): warning C4018: “<”: 有符号/无符号不匹配
     1>c:\users\li\documents\visual studio 2010\projects\redowxgis\minimal\wxgis\framework\base.h(90): warning C4505: “DoubleToString”: 未引用的本地函数已移除
     1>c:\users\li\documents\visual studio 2010\projects\redowxgis\minimal\wxgis\framework\base.h(115): warning C4505: “StringToDouble”: 未引用的本地函数已移除
     1>c:\users\li\documents\visual studio 2010\projects\redowxgis\minimal\wxgis\framework\base.h(146): warning C4505: “NumberScale”: 未引用的本地函数已移除
     1>c:\users\li\documents\visual studio 2010\projects\redowxgis\minimal\wxgis\framework\base.h(90): warning C4505: “DoubleToString”: 未引用的本地函数已移除
     1>c:\users\li\documents\visual studio 2010\projects\redowxgis\minimal\wxgis\framework\base.h(115): warning C4505: “StringToDouble”: 未引用的本地函数已移除
     1>c:\users\li\documents\visual studio 2010\projects\redowxgis\minimal\wxgis\framework\base.h(146): warning C4505: “NumberScale”: 未引用的本地函数已移除
     1>c:\users\li\documents\visual studio 2010\projects\redowxgis\minimal\wxgis\framework\framework.h(108): warning C4018: “<=”: 有符号/无符号不匹配
     1>c:\users\li\documents\visual studio 2010\projects\redowxgis\minimal\datasource.h(83): warning C4100: “dfMaxX”: 未引用的形参
     1>c:\users\li\documents\visual studio 2010\projects\redowxgis\minimal\catalog.h(6): warning C4005: “APP_NAME”: 宏重定义
                 c:\users\li\documents\visual studio 2010\projects\redowxgis\minimal\wxgis\framework\base.h(76) : 参见“APP_NAME”的前一个定义
         gxview.cpp
         keycodedlg.cpp
     1>c:\users\li\documents\visual studio 2010\projects\redowxgis\minimal\catalog.h(189): warning C4100: “parent”: 未引用的形参
     1>gxtabview.cpp(16): warning C4996: 'wxXmlNode::GetPropVal': 被声明为已否决
                 C:\Users\jack\dev\wx\wxWidgets-2.9.4\include\wx/xml/xml.h(183) : 参见“wxXmlNode::GetPropVal”的声明
     1>gxtabview.cpp(17): warning C4996: 'wxXmlNode::GetPropVal': 被声明为已否决
                 C:\Users\jack\dev\wx\wxWidgets-2.9.4\include\wx/xml/xml.h(183) : 参见“wxXmlNode::GetPropVal”的声明
     1>gxtabview.cpp(22): warning C4996: 'wxXmlNode::GetPropVal': 被声明为已否决
                 C:\Users\jack\dev\wx\wxWidgets-2.9.4\include\wx/xml/xml.h(183) : 参见“wxXmlNode::GetPropVal”的声明
     1>gxtabview.cpp(23): warning C4996: 'wxXmlNode::GetPropVal': 被声明为已否决
                 C:\Users\jack\dev\wx\wxWidgets-2.9.4\include\wx/xml/xml.h(183) : 参见“wxXmlNode::GetPropVal”的声明
     1>gxtabview.cpp(24): warning C4996: 'wxXmlNode::GetPropVal': 被声明为已否决
                 C:\Users\jack\dev\wx\wxWidgets-2.9.4\include\wx/xml/xml.h(183) : 参见“wxXmlNode::GetPropVal”的声明
     1>gxtabview.cpp(40): warning C4018: “<”: 有符号/无符号不匹配
     1>gxtabview.cpp(41): warning C4018: “<”: 有符号/无符号不匹配
     1>gxtabview.cpp(114): warning C4018: “>=”: 有符号/无符号不匹配
     1>gxtabview.cpp(339): warning C4018: “<”: 有符号/无符号不匹配
     1>gxtabview.cpp(350): warning C4018: “<”: 有符号/无符号不匹配
     1>gxtabview.cpp(360): warning C4018: “<”: 有符号/无符号不匹配
     1>c:\users\li\documents\visual studio 2010\projects\redowxgis\minimal\wxgis\framework\base.h(90): warning C4505: “DoubleToString”: 未引用的本地函数已移除
     1>c:\users\li\documents\visual studio 2010\projects\redowxgis\minimal\wxgis\framework\base.h(115): warning C4505: “StringToDouble”: 未引用的本地函数已移除
     1>c:\users\li\documents\visual studio 2010\projects\redowxgis\minimal\wxgis\framework\base.h(146): warning C4505: “NumberScale”: 未引用的本地函数已移除
         menubar.cpp
     1>c:\users\li\documents\visual studio 2010\projects\redowxgis\minimal\wxgis\framework\base.h(153): warning C4018: “<”: 有符号/无符号不匹配
     1>c:\users\li\documents\visual studio 2010\projects\redowxgis\minimal\wxgis\framework\base.h(153): warning C4018: “<”: 有符号/无符号不匹配
     1>c:\users\li\documents\visual studio 2010\projects\redowxgis\minimal\wxgis\framework\base.h(153): warning C4018: “<”: 有符号/无符号不匹配
     1>c:\users\li\documents\visual studio 2010\projects\redowxgis\minimal\wxgis\framework\framework.h(108): warning C4018: “<=”: 有符号/无符号不匹配
     1>c:\users\li\documents\visual studio 2010\projects\redowxgis\minimal\wxgis\framework\base.h(153): warning C4018: “<”: 有符号/无符号不匹配
     1>c:\users\li\documents\visual studio 2010\projects\redowxgis\minimal\wxgis/framework/framework.h(108): warning C4018: “<=”: 有符号/无符号不匹配
     1>c:\users\li\documents\visual studio 2010\projects\redowxgis\minimal\wxgis\framework\framework.h(108): warning C4018: “<=”: 有符号/无符号不匹配
     1>c:\users\li\documents\visual studio 2010\projects\redowxgis\minimal\wxgis\framework\framework.h(108): warning C4018: “<=”: 有符号/无符号不匹配
     1>c:\users\li\documents\visual studio 2010\projects\redowxgis\minimal\datasource.h(83): warning C4100: “dfMaxX”: 未引用的形参
     1>c:\users\li\documents\visual studio 2010\projects\redowxgis\minimal\datasource.h(83): warning C4100: “dfMaxX”: 未引用的形参
     1>c:\users\li\documents\visual studio 2010\projects\redowxgis\minimal\catalog.h(6): warning C4005: “APP_NAME”: 宏重定义
                 c:\users\li\documents\visual studio 2010\projects\redowxgis\minimal\wxgis\framework\base.h(76) : 参见“APP_NAME”的前一个定义
     1>c:\users\li\documents\visual studio 2010\projects\redowxgis\minimal\catalog.h(6): warning C4005: “APP_NAME”: 宏重定义
                 c:\users\li\documents\visual studio 2010\projects\redowxgis\minimal\wxgis\framework\base.h(76) : 参见“APP_NAME”的前一个定义
     1>c:\users\li\documents\visual studio 2010\projects\redowxgis\minimal\toolbarmenu.h(15): warning C4100: “pCmd”: 未引用的形参
     1>c:\users\li\documents\visual studio 2010\projects\redowxgis\minimal\toolbarmenu.h(16): warning C4100: “nIndex”: 未引用的形参
     1>c:\users\li\documents\visual studio 2010\projects\redowxgis\minimal\toolbarmenu.h(17): warning C4100: “nIndex”: 未引用的形参
     1>c:\users\li\documents\visual studio 2010\projects\redowxgis\minimal\toolbarmenu.h(18): warning C4100: “nIndex”: 未引用的形参
     1>menubar.cpp(12): warning C4996: 'wxXmlNode::GetPropVal': 被声明为已否决
                 C:\Users\jack\dev\wx\wxWidgets-2.9.4\include\wx/xml/xml.h(183) : 参见“wxXmlNode::GetPropVal”的声明
     1>c:\users\li\documents\visual studio 2010\projects\redowxgis\minimal\catalog.h(189): warning C4100: “parent”: 未引用的形参
     1>menubar.cpp(93): warning C4996: 'wxXmlNode::AddProperty': 被声明为已否决
                 C:\Users\jack\dev\wx\wxWidgets-2.9.4\include\wx/xml/xml.h(198) : 参见“wxXmlNode::AddProperty”的声明
     1>menubar.cpp(93): warning C4996: 'wxXmlNode::AddProperty': 被声明为已否决
                 C:\Users\jack\dev\wx\wxWidgets-2.9.4\include\wx/xml/xml.h(198) : 参见“wxXmlNode::AddProperty”的声明
     1>c:\users\li\documents\visual studio 2010\projects\redowxgis\minimal\catalog.h(189): warning C4100: “parent”: 未引用的形参
     1>c:\users\li\documents\visual studio 2010\projects\redowxgis\minimal\gxcatalog.h(22): warning C4100: “pCatalog”: 未引用的形参
     1>c:\users\li\documents\visual studio 2010\projects\redowxgis\minimal\gxcatalog.h(22): warning C4100: “pParent”: 未引用的形参
     1>gxtreeview.cpp(8): warning C4002: “END_EVENT_TABLE”宏的实参太多
     1>c:\users\li\documents\visual studio 2010\projects\redowxgis\minimal\wxgis\framework\base.h(90): warning C4505: “DoubleToString”: 未引用的本地函数已移除
     1>c:\users\li\documents\visual studio 2010\projects\redowxgis\minimal\wxgis\framework\base.h(115): warning C4505: “StringToDouble”: 未引用的本地函数已移除
     1>c:\users\li\documents\visual studio 2010\projects\redowxgis\minimal\wxgis\framework\base.h(146): warning C4505: “NumberScale”: 未引用的本地函数已移除
     1>c:\users\li\documents\visual studio 2010\projects\redowxgis\minimal\wxgis\framework\base.h(90): warning C4505: “DoubleToString”: 未引用的本地函数已移除
     1>c:\users\li\documents\visual studio 2010\projects\redowxgis\minimal\wxgis\framework\base.h(115): warning C4505: “StringToDouble”: 未引用的本地函数已移除
     1>c:\users\li\documents\visual studio 2010\projects\redowxgis\minimal\wxgis\framework\base.h(146): warning C4505: “NumberScale”: 未引用的本地函数已移除
         statusbar.cpp
     1>c:\users\li\documents\visual studio 2010\projects\redowxgis\minimal\wxgis\framework\base.h(90): warning C4505: “DoubleToString”: 未引用的本地函数已移除
     1>c:\users\li\documents\visual studio 2010\projects\redowxgis\minimal\wxgis\framework\base.h(115): warning C4505: “StringToDouble”: 未引用的本地函数已移除
     1>c:\users\li\documents\visual studio 2010\projects\redowxgis\minimal\wxgis\framework\base.h(146): warning C4505: “NumberScale”: 未引用的本地函数已移除
         toolbarmenu.cpp
     1>c:\users\li\documents\visual studio 2010\projects\redowxgis\minimal\wxgis\framework\base.h(90): warning C4505: “DoubleToString”: 未引用的本地函数已移除
     1>c:\users\li\documents\visual studio 2010\projects\redowxgis\minimal\wxgis\framework\base.h(115): warning C4505: “StringToDouble”: 未引用的本地函数已移除
     1>c:\users\li\documents\visual studio 2010\projects\redowxgis\minimal\wxgis\framework\base.h(146): warning C4505: “NumberScale”: 未引用的本地函数已移除
         config.cpp
     1>c:\users\li\documents\visual studio 2010\projects\redowxgis\minimal\wxgis\framework\base.h(153): warning C4018: “<”: 有符号/无符号不匹配
     1>c:\users\li\documents\visual studio 2010\projects\redowxgis\minimal\wxgis\framework\framework.h(108): warning C4018: “<=”: 有符号/无符号不匹配
     1>statusbar.cpp(145): warning C4100: “event”: 未引用的形参
     1>c:\users\li\documents\visual studio 2010\projects\redowxgis\minimal\wxgis\framework\base.h(153): warning C4018: “<”: 有符号/无符号不匹配
     1>c:\users\li\documents\visual studio 2010\projects\redowxgis\minimal\wxgis\framework\framework.h(108): warning C4018: “<=”: 有符号/无符号不匹配
     1>c:\users\li\documents\visual studio 2010\projects\redowxgis\minimal\wxgis\framework\base.h(153): warning C4018: “<”: 有符号/无符号不匹配
     1>c:\users\li\documents\visual studio 2010\projects\redowxgis\minimal\wxgis\framework\framework.h(108): warning C4018: “<=”: 有符号/无符号不匹配
     1>c:\users\li\documents\visual studio 2010\projects\redowxgis\minimal\wxgis\framework\base.h(90): warning C4505: “DoubleToString”: 未引用的本地函数已移除
     1>c:\users\li\documents\visual studio 2010\projects\redowxgis\minimal\wxgis\framework\base.h(115): warning C4505: “StringToDouble”: 未引用的本地函数已移除
     1>c:\users\li\documents\visual studio 2010\projects\redowxgis\minimal\wxgis\framework\base.h(146): warning C4505: “NumberScale”: 未引用的本地函数已移除
     1>c:\users\li\documents\visual studio 2010\projects\redowxgis\minimal\toolbarmenu.h(15): warning C4100: “pCmd”: 未引用的形参
     1>c:\users\li\documents\visual studio 2010\projects\redowxgis\minimal\toolbarmenu.h(16): warning C4100: “nIndex”: 未引用的形参
     1>c:\users\li\documents\visual studio 2010\projects\redowxgis\minimal\toolbarmenu.h(17): warning C4100: “nIndex”: 未引用的形参
     1>c:\users\li\documents\visual studio 2010\projects\redowxgis\minimal\toolbarmenu.h(18): warning C4100: “nIndex”: 未引用的形参
     1>wxgis\framework\config.cpp(282): warning C4996: 'wxXmlNode::GetPropVal': 被声明为已否决
                 C:\Users\jack\dev\wx\wxWidgets-2.9.4\include\wx/xml/xml.h(183) : 参见“wxXmlNode::GetPropVal”的声明
     1>wxgis\framework\config.cpp(292): warning C4996: 'wxXmlNode::GetPropVal': 被声明为已否决
                 C:\Users\jack\dev\wx\wxWidgets-2.9.4\include\wx/xml/xml.h(183) : 参见“wxXmlNode::GetPropVal”的声明
     1>wxgis\framework\config.cpp(302): warning C4996: 'wxXmlNode::GetPropVal': 被声明为已否决
                 C:\Users\jack\dev\wx\wxWidgets-2.9.4\include\wx/xml/xml.h(183) : 参见“wxXmlNode::GetPropVal”的声明
     1>wxgis\framework\config.cpp(314): warning C4996: 'wxXmlNode::GetPropVal': 被声明为已否决
                 C:\Users\jack\dev\wx\wxWidgets-2.9.4\include\wx/xml/xml.h(183) : 参见“wxXmlNode::GetPropVal”的声明
     1>wxgis\framework\config.cpp(324): warning C4996: 'wxXmlNode::GetPropVal': 被声明为已否决
                 C:\Users\jack\dev\wx\wxWidgets-2.9.4\include\wx/xml/xml.h(183) : 参见“wxXmlNode::GetPropVal”的声明
     1>wxgis\framework\config.cpp(337): warning C4996: 'wxXmlNode::HasProp': 被声明为已否决
                 C:\Users\jack\dev\wx\wxWidgets-2.9.4\include\wx/xml/xml.h(184) : 参见“wxXmlNode::HasProp”的声明
     1>wxgis\framework\config.cpp(338): warning C4996: 'wxXmlNode::DeleteProperty': 被声明为已否决
                 C:\Users\jack\dev\wx\wxWidgets-2.9.4\include\wx/xml/xml.h(200) : 参见“wxXmlNode::DeleteProperty”的声明
     1>wxgis\framework\config.cpp(338): warning C4996: 'wxXmlNode::DeleteProperty': 被声明为已否决
                 C:\Users\jack\dev\wx\wxWidgets-2.9.4\include\wx/xml/xml.h(200) : 参见“wxXmlNode::DeleteProperty”的声明
     1>wxgis\framework\config.cpp(339): warning C4996: 'wxXmlNode::AddProperty': 被声明为已否决
                 C:\Users\jack\dev\wx\wxWidgets-2.9.4\include\wx/xml/xml.h(198) : 参见“wxXmlNode::AddProperty”的声明
     1>wxgis\framework\config.cpp(339): warning C4996: 'wxXmlNode::AddProperty': 被声明为已否决
                 C:\Users\jack\dev\wx\wxWidgets-2.9.4\include\wx/xml/xml.h(198) : 参见“wxXmlNode::AddProperty”的声明
     1>wxgis\framework\config.cpp(352): warning C4996: 'wxXmlNode::HasProp': 被声明为已否决
                 C:\Users\jack\dev\wx\wxWidgets-2.9.4\include\wx/xml/xml.h(184) : 参见“wxXmlNode::HasProp”的声明
     1>wxgis\framework\config.cpp(353): warning C4996: 'wxXmlNode::DeleteProperty': 被声明为已否决
                 C:\Users\jack\dev\wx\wxWidgets-2.9.4\include\wx/xml/xml.h(200) : 参见“wxXmlNode::DeleteProperty”的声明
     1>wxgis\framework\config.cpp(353): warning C4996: 'wxXmlNode::DeleteProperty': 被声明为已否决
                 C:\Users\jack\dev\wx\wxWidgets-2.9.4\include\wx/xml/xml.h(200) : 参见“wxXmlNode::DeleteProperty”的声明
     1>wxgis\framework\config.cpp(354): warning C4996: 'wxXmlNode::AddProperty': 被声明为已否决
                 C:\Users\jack\dev\wx\wxWidgets-2.9.4\include\wx/xml/xml.h(198) : 参见“wxXmlNode::AddProperty”的声明
     1>wxgis\framework\config.cpp(354): warning C4996: 'wxXmlNode::AddProperty': 被声明为已否决
                 C:\Users\jack\dev\wx\wxWidgets-2.9.4\include\wx/xml/xml.h(198) : 参见“wxXmlNode::AddProperty”的声明
     1>wxgis\framework\config.cpp(368): warning C4996: 'wxXmlNode::HasProp': 被声明为已否决
                 C:\Users\jack\dev\wx\wxWidgets-2.9.4\include\wx/xml/xml.h(184) : 参见“wxXmlNode::HasProp”的声明
     1>wxgis\framework\config.cpp(369): warning C4996: 'wxXmlNode::DeleteProperty': 被声明为已否决
                 C:\Users\jack\dev\wx\wxWidgets-2.9.4\include\wx/xml/xml.h(200) : 参见“wxXmlNode::DeleteProperty”的声明
     1>wxgis\framework\config.cpp(369): warning C4996: 'wxXmlNode::DeleteProperty': 被声明为已否决
                 C:\Users\jack\dev\wx\wxWidgets-2.9.4\include\wx/xml/xml.h(200) : 参见“wxXmlNode::DeleteProperty”的声明
     1>wxgis\framework\config.cpp(370): warning C4996: 'wxXmlNode::AddProperty': 被声明为已否决
                 C:\Users\jack\dev\wx\wxWidgets-2.9.4\include\wx/xml/xml.h(198) : 参见“wxXmlNode::AddProperty”的声明
     1>wxgis\framework\config.cpp(370): warning C4996: 'wxXmlNode::AddProperty': 被声明为已否决
                 C:\Users\jack\dev\wx\wxWidgets-2.9.4\include\wx/xml/xml.h(198) : 参见“wxXmlNode::AddProperty”的声明
     1>wxgis\framework\config.cpp(384): warning C4996: 'wxXmlNode::HasProp': 被声明为已否决
                 C:\Users\jack\dev\wx\wxWidgets-2.9.4\include\wx/xml/xml.h(184) : 参见“wxXmlNode::HasProp”的声明
     1>wxgis\framework\config.cpp(385): warning C4996: 'wxXmlNode::DeleteProperty': 被声明为已否决
                 C:\Users\jack\dev\wx\wxWidgets-2.9.4\include\wx/xml/xml.h(200) : 参见“wxXmlNode::DeleteProperty”的声明
     1>wxgis\framework\config.cpp(385): warning C4996: 'wxXmlNode::DeleteProperty': 被声明为已否决
                 C:\Users\jack\dev\wx\wxWidgets-2.9.4\include\wx/xml/xml.h(200) : 参见“wxXmlNode::DeleteProperty”的声明
     1>wxgis\framework\config.cpp(386): warning C4996: 'wxXmlNode::AddProperty': 被声明为已否决
                 C:\Users\jack\dev\wx\wxWidgets-2.9.4\include\wx/xml/xml.h(198) : 参见“wxXmlNode::AddProperty”的声明
     1>wxgis\framework\config.cpp(386): warning C4996: 'wxXmlNode::AddProperty': 被声明为已否决
                 C:\Users\jack\dev\wx\wxWidgets-2.9.4\include\wx/xml/xml.h(198) : 参见“wxXmlNode::AddProperty”的声明
     1>wxgis\framework\config.cpp(399): warning C4996: 'wxXmlNode::HasProp': 被声明为已否决
                 C:\Users\jack\dev\wx\wxWidgets-2.9.4\include\wx/xml/xml.h(184) : 参见“wxXmlNode::HasProp”的声明
     1>wxgis\framework\config.cpp(400): warning C4996: 'wxXmlNode::DeleteProperty': 被声明为已否决
                 C:\Users\jack\dev\wx\wxWidgets-2.9.4\include\wx/xml/xml.h(200) : 参见“wxXmlNode::DeleteProperty”的声明
     1>wxgis\framework\config.cpp(400): warning C4996: 'wxXmlNode::DeleteProperty': 被声明为已否决
                 C:\Users\jack\dev\wx\wxWidgets-2.9.4\include\wx/xml/xml.h(200) : 参见“wxXmlNode::DeleteProperty”的声明
     1>wxgis\framework\config.cpp(401): warning C4996: 'wxXmlNode::AddProperty': 被声明为已否决
                 C:\Users\jack\dev\wx\wxWidgets-2.9.4\include\wx/xml/xml.h(198) : 参见“wxXmlNode::AddProperty”的声明
     1>wxgis\framework\config.cpp(401): warning C4996: 'wxXmlNode::AddProperty': 被声明为已否决
                 C:\Users\jack\dev\wx\wxWidgets-2.9.4\include\wx/xml/xml.h(198) : 参见“wxXmlNode::AddProperty”的声明
     1>c:\users\li\documents\visual studio 2010\projects\redowxgis\minimal\wxgis\framework\base.h(90): warning C4505: “DoubleToString”: 未引用的本地函数已移除
     1>c:\users\li\documents\visual studio 2010\projects\redowxgis\minimal\wxgis\framework\base.h(115): warning C4505: “StringToDouble”: 未引用的本地函数已移除
     1>c:\users\li\documents\visual studio 2010\projects\redowxgis\minimal\wxgis\framework\base.h(146): warning C4505: “NumberScale”: 未引用的本地函数已移除
     1>c:\users\li\documents\visual studio 2010\projects\redowxgis\minimal\wxgis\framework\base.h(90): warning C4505: “DoubleToString”: 未引用的本地函数已移除
     1>c:\users\li\documents\visual studio 2010\projects\redowxgis\minimal\wxgis\framework\base.h(115): warning C4505: “StringToDouble”: 未引用的本地函数已移除
     1>c:\users\li\documents\visual studio 2010\projects\redowxgis\minimal\wxgis\framework\base.h(146): warning C4505: “NumberScale”: 未引用的本地函数已移除
     1>已完成生成项目“C:\Users\li\Documents\Visual Studio 2010\Projects\redowxGIS\minimal\minimal_vc9.vcxproj”(build 个目标)的操作 - 失败。

生成失败。

已用时间 00:01:05.16
