C:\USERS\JACK\DOCUMENTS\GITHUB\REDOWXGIS\MINIMAL\VC_MSWUD\MINIMAL.PDB
C:\USERS\JACK\DOCUMENTS\GITHUB\REDOWXGIS\MINIMAL\VC_MSWUD\MINIMAL\CATALOGAPP.OBJ
C:\USERS\JACK\DOCUMENTS\GITHUB\REDOWXGIS\MINIMAL\VC_MSWUD\MINIMAL\CATALOGFRAME.OBJ
C:\Users\jack\Documents\GitHub\redowxGIS\minimal\vc_mswud\minimal\CL.2800.read.1.tlog
C:\Users\jack\Documents\GitHub\redowxGIS\minimal\vc_mswud\minimal\CL.2800.write.1.tlog
C:\Users\jack\Documents\GitHub\redowxGIS\minimal\vc_mswud\minimal\CL.3824.read.1.tlog
C:\Users\jack\Documents\GitHub\redowxGIS\minimal\vc_mswud\minimal\CL.3824.write.1.tlog
C:\Users\jack\Documents\GitHub\redowxGIS\minimal\vc_mswud\minimal\CL.4112.read.1.tlog
C:\Users\jack\Documents\GitHub\redowxGIS\minimal\vc_mswud\minimal\CL.4112.write.1.tlog
C:\Users\jack\Documents\GitHub\redowxGIS\minimal\vc_mswud\minimal\CL.5624.read.1.tlog
C:\Users\jack\Documents\GitHub\redowxGIS\minimal\vc_mswud\minimal\CL.5624.write.1.tlog
C:\Users\jack\Documents\GitHub\redowxGIS\minimal\vc_mswud\minimal\cl.command.1.tlog
C:\Users\jack\Documents\GitHub\redowxGIS\minimal\vc_mswud\minimal\CL.read.1.tlog
C:\Users\jack\Documents\GitHub\redowxGIS\minimal\vc_mswud\minimal\CL.write.1.tlog
C:\USERS\JACK\DOCUMENTS\GITHUB\REDOWXGIS\MINIMAL\VC_MSWUD\MINIMAL\CONFIG.OBJ
C:\USERS\JACK\DOCUMENTS\GITHUB\REDOWXGIS\MINIMAL\VC_MSWUD\MINIMAL\GXAPPLICATION.OBJ
C:\Users\jack\Documents\GitHub\redowxGIS\minimal\vc_mswud\minimal\link.4452.read.1.tlog
C:\Users\jack\Documents\GitHub\redowxGIS\minimal\vc_mswud\minimal\link.4452.write.1.tlog
C:\Users\jack\Documents\GitHub\redowxGIS\minimal\vc_mswud\minimal\link.4452-cvtres.read.1.tlog
C:\Users\jack\Documents\GitHub\redowxGIS\minimal\vc_mswud\minimal\link.4452-cvtres.write.1.tlog
C:\Users\jack\Documents\GitHub\redowxGIS\minimal\vc_mswud\minimal\link.4860.read.1.tlog
C:\Users\jack\Documents\GitHub\redowxGIS\minimal\vc_mswud\minimal\link.4860.write.1.tlog
C:\Users\jack\Documents\GitHub\redowxGIS\minimal\vc_mswud\minimal\link.4860-cvtres.read.1.tlog
C:\Users\jack\Documents\GitHub\redowxGIS\minimal\vc_mswud\minimal\link.4860-cvtres.write.1.tlog
C:\Users\jack\Documents\GitHub\redowxGIS\minimal\vc_mswud\minimal\link.5348.read.1.tlog
C:\Users\jack\Documents\GitHub\redowxGIS\minimal\vc_mswud\minimal\link.5348.write.1.tlog
C:\Users\jack\Documents\GitHub\redowxGIS\minimal\vc_mswud\minimal\link.5348-cvtres.read.1.tlog
C:\Users\jack\Documents\GitHub\redowxGIS\minimal\vc_mswud\minimal\link.5348-cvtres.write.1.tlog
C:\Users\jack\Documents\GitHub\redowxGIS\minimal\vc_mswud\minimal\link.5544.read.1.tlog
C:\Users\jack\Documents\GitHub\redowxGIS\minimal\vc_mswud\minimal\link.5544.write.1.tlog
C:\Users\jack\Documents\GitHub\redowxGIS\minimal\vc_mswud\minimal\link.5544-cvtres.read.1.tlog
C:\Users\jack\Documents\GitHub\redowxGIS\minimal\vc_mswud\minimal\link.5544-cvtres.write.1.tlog
C:\Users\jack\Documents\GitHub\redowxGIS\minimal\vc_mswud\minimal\link.5644.read.1.tlog
C:\Users\jack\Documents\GitHub\redowxGIS\minimal\vc_mswud\minimal\link.5644.write.1.tlog
C:\Users\jack\Documents\GitHub\redowxGIS\minimal\vc_mswud\minimal\link.5644-cvtres.read.1.tlog
C:\Users\jack\Documents\GitHub\redowxGIS\minimal\vc_mswud\minimal\link.5644-cvtres.write.1.tlog
C:\Users\jack\Documents\GitHub\redowxGIS\minimal\vc_mswud\minimal\link.command.1.tlog
C:\Users\jack\Documents\GitHub\redowxGIS\minimal\vc_mswud\minimal\link.read.1.tlog
C:\Users\jack\Documents\GitHub\redowxGIS\minimal\vc_mswud\minimal\link.write.1.tlog
C:\Users\jack\Documents\GitHub\redowxGIS\minimal\vc_mswud\minimal\link-cvtres.read.1.tlog
C:\Users\jack\Documents\GitHub\redowxGIS\minimal\vc_mswud\minimal\link-cvtres.write.1.tlog
C:\Users\jack\Documents\GitHub\redowxGIS\minimal\vc_mswud\minimal\mt.command.1.tlog
C:\Users\jack\Documents\GitHub\redowxGIS\minimal\vc_mswud\minimal\mt.read.1.tlog
C:\Users\jack\Documents\GitHub\redowxGIS\minimal\vc_mswud\minimal\mt.write.1.tlog
C:\Users\jack\Documents\GitHub\redowxGIS\minimal\vc_mswud\minimal\rc.command.1.tlog
C:\Users\jack\Documents\GitHub\redowxGIS\minimal\vc_mswud\minimal\rc.read.1.tlog
C:\Users\jack\Documents\GitHub\redowxGIS\minimal\vc_mswud\minimal\rc.write.1.tlog
C:\USERS\JACK\DOCUMENTS\GITHUB\REDOWXGIS\MINIMAL\VC_MSWUD\MINIMAL\WXGISCAT.EXE.EMBED.MANIFEST
C:\USERS\JACK\DOCUMENTS\GITHUB\REDOWXGIS\MINIMAL\VC_MSWUD\MINIMAL\WXGISCAT.EXE.EMBED.MANIFEST.RES
C:\USERS\JACK\DOCUMENTS\GITHUB\REDOWXGIS\MINIMAL\VC_MSWUD\MINIMAL\WXGISCAT.EXE.INTERMEDIATE.MANIFEST
C:\Users\jack\Documents\GitHub\redowxGIS\minimal\vc_mswud\minimal\wxGISCat.write.1.tlog
C:\Users\jack\Documents\GitHub\redowxGIS\minimal\vc_mswud\minimal\wxGISCat_manifest.rc
C:\USERS\JACK\DOCUMENTS\GITHUB\REDOWXGIS\MINIMAL\VC_MSWUD\WXGISCAT.EXE
C:\Users\jack\Documents\GitHub\redowxGIS\minimal\vc_mswud\wxGISCat.exp
C:\USERS\JACK\DOCUMENTS\GITHUB\REDOWXGIS\MINIMAL\VC_MSWUD\WXGISCAT.ILK
C:\Users\jack\Documents\GitHub\redowxGIS\minimal\vc_mswud\wxGISCat.lib
vc_mswud\wxGISCat.ilk
